<?xml version="1.0" encoding="UTF-8"?>
<!-- Generated by org.testng.reporters.JUnitReportReporter -->
<testsuite hostname="sheezas-MacBook-Air.local" failures="0" tests="1" name="FinalProject.testcase3" time="42.099" errors="0" timestamp="2024-07-29T09:37:07 PDT" skipped="0">
  <testcase classname="FinalProject.testcase3" name="adduser" time="42.099"/>
</testsuite> <!-- FinalProject.testcase3 -->
