<?xml version="1.0" encoding="UTF-8"?>
<!-- Generated by org.testng.reporters.JUnitReportReporter -->
<testsuite hostname="sheezas-MacBook-Air.local" failures="0" tests="1" name="FinalProject.testcase1" time="110.417" errors="0" timestamp="2024-07-29T09:34:40 PDT" skipped="0">
  <testcase classname="FinalProject.testcase1" name="adduser" time="110.417"/>
</testsuite> <!-- FinalProject.testcase1 -->
