<?xml version="1.0" encoding="UTF-8"?>
<!-- Generated by org.testng.reporters.JUnitReportReporter -->
<testsuite hostname="sheezas-MacBook-Air.local" failures="0" tests="1" name="FinalProject.testcase2" time="52.463" errors="0" timestamp="2024-07-29T09:36:03 PDT" skipped="0">
  <testcase classname="FinalProject.testcase2" name="errormessage" time="52.463"/>
</testsuite> <!-- FinalProject.testcase2 -->
