<?xml version="1.0" encoding="UTF-8"?>
<!-- Generated by org.testng.reporters.JUnitReportReporter -->
<testsuite hostname="sheezas-MacBook-Air.local" failures="0" tests="1" name="FinalProject.testcase4" time="58.783" errors="0" timestamp="2024-07-29T09:40:15 PDT" skipped="0">
  <testcase classname="FinalProject.testcase4" name="adduser" time="58.783"/>
</testsuite> <!-- FinalProject.testcase4 -->
